#
# There is insufficient memory for the Java Runtime Environment to continue.
# Native memory allocation (malloc) failed to allocate 807376 bytes for Chunk::new
# Possible reasons:
#   The system is out of physical RAM or swap space
#   The process is running with CompressedOops enabled, and the Java Heap may be blocking the growth of the native heap
# Possible solutions:
#   Reduce memory load on the system
#   Increase physical memory or swap space
#   Check if swap backing store is full
#   Decrease Java heap size (-Xmx/-Xms)
#   Decrease number of Java threads
#   Decrease Java thread stack sizes (-Xss)
#   Set larger code cache with -XX:ReservedCodeCacheSize=
#   JVM is running with Unscaled Compressed Oops mode in which the Java heap is
#     placed in the first 4GB address space. The Java Heap base address is the
#     maximum limit for the native heap growth. Please use -XX:HeapBaseMinAddress
#     to set the Java Heap base and to place the Java Heap above 4GB virtual address.
# This output file may be truncated or incomplete.
#
#  Out of Memory Error (./src/hotspot/share/memory/arena.cpp:197), pid=17704, tid=22360
#
# JRE version: OpenJDK Runtime Environment Corretto-11.0.18.10.1 (11.0.18+10) (build 11.0.18+10-LTS)
# Java VM: OpenJDK 64-Bit Server VM Corretto-11.0.18.10.1 (11.0.18+10-LTS, mixed mode, tiered, compressed oops, g1 gc, windows-amd64)
# No core dump will be written. Minidumps are not enabled by default on client versions of Windows
#

---------------  S U M M A R Y ------------

Command Line: -Dorg.gradle.internal.worker.tmpdir=C:\Users\leroc\OneDrive\AllHomeWorks\ForPageObjectFirst\build\tmp\test\work -Dorg.gradle.native=false -Dselenide.headless -Xmx512m -Dfile.encoding=windows-1251 -Duser.country=RU -Duser.language=ru -Duser.variant -ea worker.org.gradle.process.internal.worker.GradleWorkerMain 'Gradle Test Executor 10'

Host: AMD Athlon 300U with Radeon Vega Mobile Gfx    , 4 cores, 3G,  Windows 10 , 64 bit Build 19041 (10.0.19041.3031)
Time: Mon Jul  3 23:45:01 2023 RTZ 6 (s 10 , 64 bit Build 19041 (10.0.19041.3031) elapsed time: 11.308560 seconds (0d 0h 0m 11s)

---------------  T H R E A D  ---------------

Current thread (0x000001fdfc1dc000):  JavaThread "C2 CompilerThread0" daemon [_thread_in_native, id=22360, stack(0x0000003762b00000,0x0000003762c00000)]


Current CompileTask:
C2:  11308 2320       4       java.lang.invoke.MethodType::makeImpl (108 bytes)

Stack: [0x0000003762b00000,0x0000003762c00000]
Native frames: (J=compiled Java code, j=interpreted, Vv=VM code, C=native code)
V  [jvm.dll+0x622d9a]
V  [jvm.dll+0x7b0289]
V  [jvm.dll+0x7b1978]
V  [jvm.dll+0x7b2053]
V  [jvm.dll+0x24fe08]
V  [jvm.dll+0xc264c]
V  [jvm.dll+0xc2c0c]
V  [jvm.dll+0x2c3d84]
V  [jvm.dll+0x53197c]
V  [jvm.dll+0x21137b]
V  [jvm.dll+0x20b0e4]
V  [jvm.dll+0x2082fb]
V  [jvm.dll+0x18a3c1]
V  [jvm.dll+0x217ac4]
V  [jvm.dll+0x215d0b]
V  [jvm.dll+0x772d90]
V  [jvm.dll+0x76bcc4]
V  [jvm.dll+0x621c05]
C  [ucrtbase.dll+0x21bb2]
C  [KERNEL32.DLL+0x17614]
C  [ntdll.dll+0x526f1]


---------------  P R O C E S S  ---------------

Threads class SMR info:
_java_thread_list=0x000001fdfd7983f0, length=23, elements={
0x000001fde0a3d800, 0x000001fdfc174800, 0x000001fdfc17e000, 0x000001fdfc1d2000,
0x000001fdfc1d3000, 0x000001fdfc1d7000, 0x000001fdfc1dc000, 0x000001fdfc1dd800,
0x000001fdfc1e7000, 0x000001fdfc45a800, 0x000001fdfcbd5800, 0x000001fdfcc7a800,
0x000001fdfcc7f000, 0x000001fdfdbd4800, 0x000001fdfc94a000, 0x000001fdfc94a800,
0x000001fdfce2e000, 0x000001fdfce2f800, 0x000001fdfc7d8800, 0x000001fdfcea4800,
0x000001fdfd8b7800, 0x000001fdfd8ba800, 0x000001fdfd8b9000
}

Java Threads: ( => current thread )
  0x000001fde0a3d800 JavaThread "Forwarding setCurrentWindowSize on session 4070946b67561190c3901536b888a895 to remote" [_thread_in_native, id=6688, stack(0x0000003761f00000,0x0000003762000000)]
  0x000001fdfc174800 JavaThread "Reference Handler" daemon [_thread_blocked, id=22444, stack(0x0000003762600000,0x0000003762700000)]
  0x000001fdfc17e000 JavaThread "Finalizer" daemon [_thread_blocked, id=19320, stack(0x0000003762700000,0x0000003762800000)]
  0x000001fdfc1d2000 JavaThread "Signal Dispatcher" daemon [_thread_blocked, id=20040, stack(0x0000003762800000,0x0000003762900000)]
  0x000001fdfc1d3000 JavaThread "Attach Listener" daemon [_thread_blocked, id=9140, stack(0x0000003762900000,0x0000003762a00000)]
  0x000001fdfc1d7000 JavaThread "Service Thread" daemon [_thread_blocked, id=21896, stack(0x0000003762a00000,0x0000003762b00000)]
=>0x000001fdfc1dc000 JavaThread "C2 CompilerThread0" daemon [_thread_in_native, id=22360, stack(0x0000003762b00000,0x0000003762c00000)]
  0x000001fdfc1dd800 JavaThread "C1 CompilerThread0" daemon [_thread_blocked, id=22032, stack(0x0000003762c00000,0x0000003762d00000)]
  0x000001fdfc1e7000 JavaThread "Sweeper thread" daemon [_thread_blocked, id=17432, stack(0x0000003762d00000,0x0000003762e00000)]
  0x000001fdfc45a800 JavaThread "Common-Cleaner" daemon [_thread_blocked, id=16848, stack(0x0000003762f00000,0x0000003763000000)]
  0x000001fdfcbd5800 JavaThread "/127.0.0.1:63818 to /127.0.0.1:63815 workers" [_thread_blocked, id=5900, stack(0x0000003763100000,0x0000003763200000)]
  0x000001fdfcc7a800 JavaThread "/127.0.0.1:63818 to /127.0.0.1:63815 workers Thread 2" [_thread_blocked, id=15172, stack(0x0000003763200000,0x0000003763300000)]
  0x000001fdfcc7f000 JavaThread "/127.0.0.1:63818 to /127.0.0.1:63815 workers Thread 3" [_thread_in_native, id=20144, stack(0x0000003763300000,0x0000003763400000)]
  0x000001fdfdbd4800 JavaThread "Exec Default Executor" daemon [_thread_in_native, id=3608, stack(0x0000003763700000,0x0000003763800000)]
  0x000001fdfc94a000 JavaThread "UrlChecker-2" daemon [_thread_blocked, id=14788, stack(0x0000003763800000,0x0000003763900000)]
  0x000001fdfc94a800 JavaThread "Exec Stream Pumper" daemon [_thread_in_native, id=22488, stack(0x0000003763900000,0x0000003763a00000)]
  0x000001fdfce2e000 JavaThread "Exec Stream Pumper" daemon [_thread_in_native, id=16988, stack(0x0000003763a00000,0x0000003763b00000)]
  0x000001fdfce2f800 JavaThread "Keep-Alive-Timer" daemon [_thread_blocked, id=5768, stack(0x0000003763b00000,0x0000003763c00000)]
  0x000001fdfc7d8800 JavaThread "ForkJoinPool.commonPool-worker-3" daemon [_thread_blocked, id=12908, stack(0x0000003763c00000,0x0000003763d00000)]
  0x000001fdfcea4800 JavaThread "ForkJoinPool.commonPool-worker-5" daemon [_thread_blocked, id=18788, stack(0x0000003763d00000,0x0000003763e00000)]
  0x000001fdfd8b7800 JavaThread "ForkJoinPool.commonPool-worker-7" daemon [_thread_blocked, id=17836, stack(0x0000003763e00000,0x0000003763f00000)]
  0x000001fdfd8ba800 JavaThread "OkHttp ConnectionPool" daemon [_thread_blocked, id=20504, stack(0x0000003763f00000,0x0000003764000000)]
  0x000001fdfd8b9000 JavaThread "Okio Watchdog" daemon [_thread_blocked, id=12236, stack(0x0000003764000000,0x0000003764100000)]

Other Threads:
  0x000001fdfc14f000 VMThread "VM Thread" [stack: 0x0000003762500000,0x0000003762600000] [id=18000]
  0x000001fdfc450000 WatcherThread [stack: 0x0000003762e00000,0x0000003762f00000] [id=10712]
  0x000001fde0a57000 GCTaskThread "GC Thread#0" [stack: 0x0000003762000000,0x0000003762100000] [id=7344]
  0x000001fdfcc93800 GCTaskThread "GC Thread#1" [stack: 0x0000003763400000,0x0000003763500000] [id=22020]
  0x000001fdfcc94000 GCTaskThread "GC Thread#2" [stack: 0x0000003763500000,0x0000003763600000] [id=21712]
  0x000001fdfcc95000 GCTaskThread "GC Thread#3" [stack: 0x0000003763600000,0x0000003763700000] [id=20844]
  0x000001fde0a68800 ConcurrentGCThread "G1 Main Marker" [stack: 0x0000003762100000,0x0000003762200000] [id=22464]
  0x000001fde0a6a800 ConcurrentGCThread "G1 Conc#0" [stack: 0x0000003762200000,0x0000003762300000] [id=17972]
  0x000001fde0aaf800 ConcurrentGCThread "G1 Refine#0" [stack: 0x0000003762300000,0x0000003762400000] [id=6128]
  0x000001fde0ab0800 ConcurrentGCThread "G1 Young RemSet Sampling" [stack: 0x0000003762400000,0x0000003762500000] [id=11272]

Threads with active compile tasks:
C2 CompilerThread0    11389 2320       4       java.lang.invoke.MethodType::makeImpl (108 bytes)

VM state:not at safepoint (normal execution)

VM Mutex/Monitor currently owned by a thread: None

Heap address: 0x00000000e0000000, size: 512 MB, Compressed Oops mode: 32-bit
Narrow klass base: 0x0000000000000000, Narrow klass shift: 3
Compressed class space size: 1073741824 Address: 0x0000000100000000

Heap:
 garbage-first heap   total 57344K, used 21586K [0x00000000e0000000, 0x0000000100000000)
  region size 1024K, 15 young (15360K), 3 survivors (3072K)
 Metaspace       used 26655K, capacity 27682K, committed 27904K, reserved 1073152K
  class space    used 3078K, capacity 3494K, committed 3584K, reserved 1048576K
Heap Regions: E=young(eden), S=young(survivor), O=old, HS=humongous(starts), HC=humongous(continues), CS=collection set, F=free, A=archive, TAMS=top-at-mark-start (previous, next)
|   0|0x00000000e0000000, 0x00000000e0100000, 0x00000000e0100000|100%| O|  |TAMS 0x00000000e0100000, 0x00000000e0000000| Untracked 
|   1|0x00000000e0100000, 0x00000000e0200000, 0x00000000e0200000|100%| O|  |TAMS 0x00000000e0200000, 0x00000000e0100000| Untracked 
|   2|0x00000000e0200000, 0x00000000e0300000, 0x00000000e0300000|100%| O|  |TAMS 0x00000000e0300000, 0x00000000e0200000| Untracked 
|   3|0x00000000e0300000, 0x00000000e0400000, 0x00000000e0400000|100%| O|  |TAMS 0x00000000e0400000, 0x00000000e0300000| Untracked 
|   4|0x00000000e0400000, 0x00000000e0500000, 0x00000000e0500000|100%| O|  |TAMS 0x00000000e0500000, 0x00000000e0400000| Untracked 
|   5|0x00000000e0500000, 0x00000000e0600000, 0x00000000e0600000|100%| O|  |TAMS 0x00000000e0600000, 0x00000000e0500000| Untracked 
|   6|0x00000000e0600000, 0x00000000e0700000, 0x00000000e0700000|100%| O|  |TAMS 0x00000000e0641c00, 0x00000000e0600000| Untracked 
|   7|0x00000000e0700000, 0x00000000e0714800, 0x00000000e0800000|  8%| O|  |TAMS 0x00000000e0700000, 0x00000000e0700000| Untracked 
|   8|0x00000000e0800000, 0x00000000e0800000, 0x00000000e0900000|  0%| F|  |TAMS 0x00000000e0800000, 0x00000000e0800000| Untracked 
|   9|0x00000000e0900000, 0x00000000e0900000, 0x00000000e0a00000|  0%| F|  |TAMS 0x00000000e0900000, 0x00000000e0900000| Untracked 
|  10|0x00000000e0a00000, 0x00000000e0a00000, 0x00000000e0b00000|  0%| F|  |TAMS 0x00000000e0a00000, 0x00000000e0a00000| Untracked 
|  11|0x00000000e0b00000, 0x00000000e0b00000, 0x00000000e0c00000|  0%| F|  |TAMS 0x00000000e0b00000, 0x00000000e0b00000| Untracked 
|  12|0x00000000e0c00000, 0x00000000e0c00000, 0x00000000e0d00000|  0%| F|  |TAMS 0x00000000e0c00000, 0x00000000e0c00000| Untracked 
|  13|0x00000000e0d00000, 0x00000000e0d00000, 0x00000000e0e00000|  0%| F|  |TAMS 0x00000000e0d00000, 0x00000000e0d00000| Untracked 
|  14|0x00000000e0e00000, 0x00000000e0e00000, 0x00000000e0f00000|  0%| F|  |TAMS 0x00000000e0e00000, 0x00000000e0e00000| Untracked 
|  15|0x00000000e0f00000, 0x00000000e0f00000, 0x00000000e1000000|  0%| F|  |TAMS 0x00000000e0f00000, 0x00000000e0f00000| Untracked 
|  16|0x00000000e1000000, 0x00000000e1000000, 0x00000000e1100000|  0%| F|  |TAMS 0x00000000e1000000, 0x00000000e1000000| Untracked 
|  17|0x00000000e1100000, 0x00000000e1100000, 0x00000000e1200000|  0%| F|  |TAMS 0x00000000e1100000, 0x00000000e1100000| Untracked 
|  18|0x00000000e1200000, 0x00000000e1200000, 0x00000000e1300000|  0%| F|  |TAMS 0x00000000e1200000, 0x00000000e1200000| Untracked 
|  19|0x00000000e1300000, 0x00000000e1300000, 0x00000000e1400000|  0%| F|  |TAMS 0x00000000e1300000, 0x00000000e1300000| Untracked 
|  20|0x00000000e1400000, 0x00000000e1400000, 0x00000000e1500000|  0%| F|  |TAMS 0x00000000e1400000, 0x00000000e1400000| Untracked 
|  21|0x00000000e1500000, 0x00000000e1500000, 0x00000000e1600000|  0%| F|  |TAMS 0x00000000e1500000, 0x00000000e1500000| Untracked 
|  22|0x00000000e1600000, 0x00000000e1600000, 0x00000000e1700000|  0%| F|  |TAMS 0x00000000e1600000, 0x00000000e1600000| Untracked 
|  23|0x00000000e1700000, 0x00000000e1700000, 0x00000000e1800000|  0%| F|  |TAMS 0x00000000e1700000, 0x00000000e1700000| Untracked 
|  24|0x00000000e1800000, 0x00000000e1800000, 0x00000000e1900000|  0%| F|  |TAMS 0x00000000e1800000, 0x00000000e1800000| Untracked 
|  25|0x00000000e1900000, 0x00000000e1900000, 0x00000000e1a00000|  0%| F|  |TAMS 0x00000000e1900000, 0x00000000e1900000| Untracked 
|  26|0x00000000e1a00000, 0x00000000e1a00000, 0x00000000e1b00000|  0%| F|  |TAMS 0x00000000e1a00000, 0x00000000e1a00000| Untracked 
|  27|0x00000000e1b00000, 0x00000000e1b00000, 0x00000000e1c00000|  0%| F|  |TAMS 0x00000000e1b00000, 0x00000000e1b00000| Untracked 
|  28|0x00000000e1c00000, 0x00000000e1c00000, 0x00000000e1d00000|  0%| F|  |TAMS 0x00000000e1c00000, 0x00000000e1c00000| Untracked 
|  29|0x00000000e1d00000, 0x00000000e1d00000, 0x00000000e1e00000|  0%| F|  |TAMS 0x00000000e1d00000, 0x00000000e1d00000| Untracked 
|  30|0x00000000e1e00000, 0x00000000e1f00000, 0x00000000e1f00000|100%| S|CS|TAMS 0x00000000e1e00000, 0x00000000e1e00000| Complete 
|  31|0x00000000e1f00000, 0x00000000e2000000, 0x00000000e2000000|100%| S|CS|TAMS 0x00000000e1f00000, 0x00000000e1f00000| Complete 
|  32|0x00000000e2000000, 0x00000000e2100000, 0x00000000e2100000|100%| S|CS|TAMS 0x00000000e2000000, 0x00000000e2000000| Complete 
|  33|0x00000000e2100000, 0x00000000e2100000, 0x00000000e2200000|  0%| F|  |TAMS 0x00000000e2100000, 0x00000000e2100000| Untracked 
|  34|0x00000000e2200000, 0x00000000e2200000, 0x00000000e2300000|  0%| F|  |TAMS 0x00000000e2200000, 0x00000000e2200000| Untracked 
|  35|0x00000000e2300000, 0x00000000e2300000, 0x00000000e2400000|  0%| F|  |TAMS 0x00000000e2300000, 0x00000000e2300000| Untracked 
|  36|0x00000000e2400000, 0x00000000e2400000, 0x00000000e2500000|  0%| F|  |TAMS 0x00000000e2400000, 0x00000000e2400000| Untracked 
|  37|0x00000000e2500000, 0x00000000e2500000, 0x00000000e2600000|  0%| F|  |TAMS 0x00000000e2500000, 0x00000000e2500000| Untracked 
|  38|0x00000000e2600000, 0x00000000e2600000, 0x00000000e2700000|  0%| F|  |TAMS 0x00000000e2600000, 0x00000000e2600000| Untracked 
|  39|0x00000000e2700000, 0x00000000e2700000, 0x00000000e2800000|  0%| F|  |TAMS 0x00000000e2700000, 0x00000000e2700000| Untracked 
|  40|0x00000000e2800000, 0x00000000e2800000, 0x00000000e2900000|  0%| F|  |TAMS 0x00000000e2800000, 0x00000000e2800000| Untracked 
|  41|0x00000000e2900000, 0x00000000e2900000, 0x00000000e2a00000|  0%| F|  |TAMS 0x00000000e2900000, 0x00000000e2900000| Untracked 
|  42|0x00000000e2a00000, 0x00000000e2a00000, 0x00000000e2b00000|  0%| F|  |TAMS 0x00000000e2a00000, 0x00000000e2a00000| Untracked 
|  43|0x00000000e2b00000, 0x00000000e2b00000, 0x00000000e2c00000|  0%| F|  |TAMS 0x00000000e2b00000, 0x00000000e2b00000| Untracked 
|  44|0x00000000e2c00000, 0x00000000e2c66278, 0x00000000e2d00000| 39%| E|  |TAMS 0x00000000e2c00000, 0x00000000e2c00000| Complete 
|  45|0x00000000e2d00000, 0x00000000e2e00000, 0x00000000e2e00000|100%| E|CS|TAMS 0x00000000e2d00000, 0x00000000e2d00000| Complete 
|  46|0x00000000e2e00000, 0x00000000e2f00000, 0x00000000e2f00000|100%| E|CS|TAMS 0x00000000e2e00000, 0x00000000e2e00000| Complete 
|  47|0x00000000e2f00000, 0x00000000e3000000, 0x00000000e3000000|100%| E|CS|TAMS 0x00000000e2f00000, 0x00000000e2f00000| Complete 
|  48|0x00000000e3000000, 0x00000000e3100000, 0x00000000e3100000|100%| E|CS|TAMS 0x00000000e3000000, 0x00000000e3000000| Complete 
|  49|0x00000000e3100000, 0x00000000e3200000, 0x00000000e3200000|100%| E|CS|TAMS 0x00000000e3100000, 0x00000000e3100000| Complete 
|  50|0x00000000e3200000, 0x00000000e3300000, 0x00000000e3300000|100%| E|CS|TAMS 0x00000000e3200000, 0x00000000e3200000| Complete 
|  51|0x00000000e3300000, 0x00000000e3400000, 0x00000000e3400000|100%| E|CS|TAMS 0x00000000e3300000, 0x00000000e3300000| Complete 
|  52|0x00000000e3400000, 0x00000000e3500000, 0x00000000e3500000|100%| E|CS|TAMS 0x00000000e3400000, 0x00000000e3400000| Complete 
|  53|0x00000000e3500000, 0x00000000e3600000, 0x00000000e3600000|100%| E|CS|TAMS 0x00000000e3500000, 0x00000000e3500000| Complete 
|  54|0x00000000e3600000, 0x00000000e3700000, 0x00000000e3700000|100%| E|CS|TAMS 0x00000000e3600000, 0x00000000e3600000| Complete 
|  55|0x00000000e3700000, 0x00000000e3800000, 0x00000000e3800000|100%| E|CS|TAMS 0x00000000e3700000, 0x00000000e3700000| Complete 

Card table byte_map: [0x000001fdf81a0000,0x000001fdf82a0000] _byte_map_base: 0x000001fdf7aa0000

Marking Bits (Prev, Next): (CMBitMap*) 0x000001fde0a65cb0, (CMBitMap*) 0x000001fde0a65c78
 Prev Bits: [0x000001fdf8ba0000, 0x000001fdf93a0000)
 Next Bits: [0x000001fdf83a0000, 0x000001fdf8ba0000)

Polling page: 0x000001fddeba0000

Metaspace:

Usage:
  Non-class:     23.62 MB capacity,    23.02 MB ( 97%) used,   507.92 KB (  2%) free+waste,   103.06 KB ( <1%) overhead. 
      Class:      3.41 MB capacity,     3.01 MB ( 88%) used,   363.13 KB ( 10%) free+waste,    52.00 KB (  1%) overhead. 
       Both:     27.03 MB capacity,    26.03 MB ( 96%) used,   871.05 KB (  3%) free+waste,   155.06 KB ( <1%) overhead. 

Virtual space:
  Non-class space:       24.00 MB reserved,      23.75 MB ( 99%) committed 
      Class space:        1.00 GB reserved,       3.50 MB ( <1%) committed 
             Both:        1.02 GB reserved,      27.25 MB (  3%) committed 

Chunk freelists:
   Non-Class:  4.00 KB
       Class:  26.00 KB
        Both:  30.00 KB

MaxMetaspaceSize: 17179869184.00 GB
CompressedClassSpaceSize: 1.00 GB
Initial GC threshold: 20.80 MB
Current GC threshold: 34.79 MB
CDS: off

CodeHeap 'non-profiled nmethods': size=120064Kb used=868Kb max_used=868Kb free=119195Kb
 bounds [0x000001fdf0c60000, 0x000001fdf0ed0000, 0x000001fdf81a0000]
CodeHeap 'profiled nmethods': size=120000Kb used=5065Kb max_used=5065Kb free=114934Kb
 bounds [0x000001fde9730000, 0x000001fde9c30000, 0x000001fdf0c60000]
CodeHeap 'non-nmethods': size=5696Kb used=1218Kb max_used=1234Kb free=4477Kb
 bounds [0x000001fde91a0000, 0x000001fde9410000, 0x000001fde9730000]
 total_blobs=2829 nmethods=2337 adapters=404
 compilation: enabled
              stopped_count=0, restarted_count=0
 full_count=0

Compilation events (20 events):
Event: 11.216 Thread 0x000001fdfc1dd800 2334       3       com.google.common.base.CharMatcher::indexIn (48 bytes)
Event: 11.216 Thread 0x000001fdfc1dd800 nmethod 2334 0x000001fde9c1df10 code [0x000001fde9c1e140, 0x000001fde9c1e808]
Event: 11.218 Thread 0x000001fdfc1dd800 2335       3       com.google.common.base.Splitter$1$1::separatorStart (16 bytes)
Event: 11.218 Thread 0x000001fdfc1dd800 nmethod 2335 0x000001fde9c1eb10 code [0x000001fde9c1ecc0, 0x000001fde9c1ee88]
Event: 11.218 Thread 0x000001fdfc1dd800 2336       3       com.google.common.base.Splitter$SplittingIterator::computeNext (5 bytes)
Event: 11.218 Thread 0x000001fdfc1dd800 nmethod 2336 0x000001fde9c1ef90 code [0x000001fde9c1f140, 0x000001fde9c1f2e8]
Event: 11.231 Thread 0x000001fdfc1dd800 2337       3       com.google.common.base.AbstractIterator::tryToComputeNext (36 bytes)
Event: 11.231 Thread 0x000001fdfc1dd800 nmethod 2337 0x000001fde9c1f390 code [0x000001fde9c1f560, 0x000001fde9c1f8c8]
Event: 11.231 Thread 0x000001fdfc1dd800 2338       3       com.google.common.base.Splitter$1$1::separatorEnd (4 bytes)
Event: 11.231 Thread 0x000001fdfc1dd800 nmethod 2338 0x000001fde9c1f990 code [0x000001fde9c1fb40, 0x000001fde9c1fc38]
Event: 11.231 Thread 0x000001fdfc1dd800 2339       3       com.google.common.base.AbstractIterator::next (34 bytes)
Event: 11.231 Thread 0x000001fdfc1dd800 nmethod 2339 0x000001fde9c1fd10 code [0x000001fde9c1fee0, 0x000001fde9c201b8]
Event: 11.242 Thread 0x000001fdfc1dd800 2340       3       java.util.TreeMap::rotateLeft (96 bytes)
Event: 11.242 Thread 0x000001fdfc1dd800 nmethod 2340 0x000001fde9c20310 code [0x000001fde9c20500, 0x000001fde9c20a18]
Event: 11.254 Thread 0x000001fdfc1dd800 2341       3       java.util.Locale::hasExtensions (13 bytes)
Event: 11.254 Thread 0x000001fdfc1dd800 nmethod 2341 0x000001fde9c20b90 code [0x000001fde9c20d40, 0x000001fde9c20e98]
Event: 11.254 Thread 0x000001fdfc1dd800 2342       3       java.util.stream.AbstractPipeline::evaluate (94 bytes)
Event: 11.255 Thread 0x000001fdfc1dd800 nmethod 2342 0x000001fde9c20f10 code [0x000001fde9c21140, 0x000001fde9c217a8]
Event: 11.255 Thread 0x000001fdfc1dd800 2343       3       java.net.URI$Parser::at (23 bytes)
Event: 11.256 Thread 0x000001fdfc1dd800 nmethod 2343 0x000001fde9c21990 code [0x000001fde9c21ba0, 0x000001fde9c221b8]

GC Heap History (10 events):
Event: 2.153 GC heap before
{Heap before GC invocations=0 (full 0):
 garbage-first heap   total 57344K, used 14336K [0x00000000e0000000, 0x0000000100000000)
  region size 1024K, 14 young (14336K), 0 survivors (0K)
 Metaspace       used 12249K, capacity 12520K, committed 12672K, reserved 1060864K
  class space    used 1270K, capacity 1352K, committed 1408K, reserved 1048576K
}
Event: 2.160 GC heap after
{Heap after GC invocations=1 (full 0):
 garbage-first heap   total 57344K, used 4203K [0x00000000e0000000, 0x0000000100000000)
  region size 1024K, 2 young (2048K), 2 survivors (2048K)
 Metaspace       used 12249K, capacity 12520K, committed 12672K, reserved 1060864K
  class space    used 1270K, capacity 1352K, committed 1408K, reserved 1048576K
}
Event: 2.390 GC heap before
{Heap before GC invocations=1 (full 0):
 garbage-first heap   total 57344K, used 10347K [0x00000000e0000000, 0x0000000100000000)
  region size 1024K, 8 young (8192K), 2 survivors (2048K)
 Metaspace       used 13791K, capacity 14164K, committed 14464K, reserved 1062912K
  class space    used 1462K, capacity 1586K, committed 1664K, reserved 1048576K
}
Event: 2.394 GC heap after
{Heap after GC invocations=2 (full 0):
 garbage-first heap   total 57344K, used 4733K [0x00000000e0000000, 0x0000000100000000)
  region size 1024K, 1 young (1024K), 1 survivors (1024K)
 Metaspace       used 13791K, capacity 14164K, committed 14464K, reserved 1062912K
  class space    used 1462K, capacity 1586K, committed 1664K, reserved 1048576K
}
Event: 3.474 GC heap before
{Heap before GC invocations=2 (full 0):
 garbage-first heap   total 57344K, used 22141K [0x00000000e0000000, 0x0000000100000000)
  region size 1024K, 19 young (19456K), 1 survivors (1024K)
 Metaspace       used 18570K, capacity 19316K, committed 19584K, reserved 1067008K
  class space    used 2062K, capacity 2334K, committed 2432K, reserved 1048576K
}
Event: 3.481 GC heap after
{Heap after GC invocations=3 (full 0):
 garbage-first heap   total 57344K, used 6600K [0x00000000e0000000, 0x0000000100000000)
  region size 1024K, 3 young (3072K), 3 survivors (3072K)
 Metaspace       used 18570K, capacity 19316K, committed 19584K, reserved 1067008K
  class space    used 2062K, capacity 2334K, committed 2432K, reserved 1048576K
}
Event: 3.819 GC heap before
{Heap before GC invocations=3 (full 0):
 garbage-first heap   total 57344K, used 12744K [0x00000000e0000000, 0x0000000100000000)
  region size 1024K, 10 young (10240K), 3 survivors (3072K)
 Metaspace       used 20417K, capacity 21145K, committed 21248K, reserved 1069056K
  class space    used 2268K, capacity 2539K, committed 2560K, reserved 1048576K
}
Event: 3.826 GC heap after
{Heap after GC invocations=4 (full 0):
 garbage-first heap   total 57344K, used 7377K [0x00000000e0000000, 0x0000000100000000)
  region size 1024K, 1 young (1024K), 1 survivors (1024K)
 Metaspace       used 20417K, capacity 21145K, committed 21248K, reserved 1069056K
  class space    used 2268K, capacity 2539K, committed 2560K, reserved 1048576K
}
Event: 6.620 GC heap before
{Heap before GC invocations=5 (full 0):
 garbage-first heap   total 57344K, used 29905K [0x00000000e0000000, 0x0000000100000000)
  region size 1024K, 23 young (23552K), 1 survivors (1024K)
 Metaspace       used 24136K, capacity 25029K, committed 25216K, reserved 1071104K
  class space    used 2738K, capacity 3073K, committed 3200K, reserved 1048576K
}
Event: 6.629 GC heap after
{Heap after GC invocations=6 (full 0):
 garbage-first heap   total 57344K, used 10322K [0x00000000e0000000, 0x0000000100000000)
  region size 1024K, 3 young (3072K), 3 survivors (3072K)
 Metaspace       used 24136K, capacity 25029K, committed 25216K, reserved 1071104K
  class space    used 2738K, capacity 3073K, committed 3200K, reserved 1048576K
}

Deoptimization events (20 events):
Event: 11.057 Thread 0x000001fde0a3d800 Uncommon trap: trap_request=0xffffffde fr.pc=0x000001fdf0d23110 relative=0x0000000000000530
Event: 11.057 Thread 0x000001fde0a3d800 Uncommon trap: reason=class_check action=maybe_recompile pc=0x000001fdf0d23110 method=org.openqa.selenium.json.Input.init()V @ 18 c2
Event: 11.057 Thread 0x000001fde0a3d800 DEOPT PACKING pc=0x000001fdf0d23110 sp=0x0000003761ff95a0
Event: 11.057 Thread 0x000001fde0a3d800 DEOPT UNPACKING pc=0x000001fde91ea1af sp=0x0000003761ff9588 mode 2
Event: 11.057 Thread 0x000001fde0a3d800 Uncommon trap: trap_request=0xffffffde fr.pc=0x000001fdf0d23110 relative=0x0000000000000530
Event: 11.057 Thread 0x000001fde0a3d800 Uncommon trap: reason=class_check action=maybe_recompile pc=0x000001fdf0d23110 method=org.openqa.selenium.json.Input.init()V @ 18 c2
Event: 11.057 Thread 0x000001fde0a3d800 DEOPT PACKING pc=0x000001fdf0d23110 sp=0x0000003761ff95a0
Event: 11.057 Thread 0x000001fde0a3d800 DEOPT UNPACKING pc=0x000001fde91ea1af sp=0x0000003761ff9588 mode 2
Event: 11.175 Thread 0x000001fde0a3d800 Uncommon trap: trap_request=0xffffff4d fr.pc=0x000001fdf0c98324 relative=0x0000000000000264
Event: 11.175 Thread 0x000001fde0a3d800 Uncommon trap: reason=unstable_if action=reinterpret pc=0x000001fdf0c98324 method=java.lang.AbstractStringBuilder.putStringAt(ILjava/lang/String;)V @ 8 c2
Event: 11.175 Thread 0x000001fde0a3d800 DEOPT PACKING pc=0x000001fdf0c98324 sp=0x0000003761ff9e20
Event: 11.175 Thread 0x000001fde0a3d800 DEOPT UNPACKING pc=0x000001fde91ea1af sp=0x0000003761ff9d18 mode 2
Event: 11.176 Thread 0x000001fde0a3d800 Uncommon trap: trap_request=0xffffff4d fr.pc=0x000001fdf0d1570c relative=0x00000000000002ac
Event: 11.176 Thread 0x000001fde0a3d800 Uncommon trap: reason=unstable_if action=reinterpret pc=0x000001fdf0d1570c method=java.lang.String.getBytes([BIB)V @ 5 c2
Event: 11.176 Thread 0x000001fde0a3d800 DEOPT PACKING pc=0x000001fdf0d1570c sp=0x0000003761ff9c40
Event: 11.176 Thread 0x000001fde0a3d800 DEOPT UNPACKING pc=0x000001fde91ea1af sp=0x0000003761ff9b28 mode 2
Event: 11.176 Thread 0x000001fde0a3d800 Uncommon trap: trap_request=0xffffff4d fr.pc=0x000001fdf0d105ec relative=0x00000000000000cc
Event: 11.176 Thread 0x000001fde0a3d800 Uncommon trap: reason=unstable_if action=reinterpret pc=0x000001fdf0d105ec method=java.lang.String.getBytes([BIB)V @ 5 c2
Event: 11.176 Thread 0x000001fde0a3d800 DEOPT PACKING pc=0x000001fdf0d105ec sp=0x0000003761ff9b70
Event: 11.176 Thread 0x000001fde0a3d800 DEOPT UNPACKING pc=0x000001fde91ea1af sp=0x0000003761ff9b18 mode 2

Classes redefined (0 events):
No events

Internal exceptions (20 events):
Event: 3.614 Thread 0x000001fde0a3d800 Exception <a 'java/lang/NoSuchMethodError'{0x00000000e342e4b8}: 'void java.lang.invoke.DirectMethodHandle$Holder.invokeStaticInit(java.lang.Object, java.lang.Object)'> (0x00000000e342e4b8) thrown at [./src/hotspot/share/interpreter/linkResolver.cpp, line 773]
Event: 4.137 Thread 0x000001fde0a3d800 Exception <a 'java/lang/NoSuchMethodError'{0x00000000e2dc4768}: 'void java.lang.invoke.DirectMethodHandle$Holder.invokeStatic(java.lang.Object, long)'> (0x00000000e2dc4768) thrown at [./src/hotspot/share/interpreter/linkResolver.cpp, line 773]
Event: 4.138 Thread 0x000001fde0a3d800 Exception <a 'java/lang/NoSuchMethodError'{0x00000000e2dca178}: 'java.lang.Object java.lang.invoke.DirectMethodHandle$Holder.invokeStatic(java.lang.Object, long)'> (0x00000000e2dca178) thrown at [./src/hotspot/share/interpreter/linkResolver.cpp, line 773]
Event: 4.141 Thread 0x000001fde0a3d800 Exception <a 'java/lang/NoSuchMethodError'{0x00000000e2dd8d18}: 'java.lang.Object java.lang.invoke.DirectMethodHandle$Holder.invokeStaticInit(java.lang.Object, java.lang.Object, long, java.lang.Object)'> (0x00000000e2dd8d18) thrown at [./src/hotspot/share/interpreter/linkResolver.cpp, line 773]
Event: 4.142 Thread 0x000001fde0a3d800 Exception <a 'java/lang/NoSuchMethodError'{0x00000000e2ddf400}: 'java.lang.Object java.lang.invoke.DirectMethodHandle$Holder.invokeStatic(java.lang.Object, java.lang.Object, long)'> (0x00000000e2ddf400) thrown at [./src/hotspot/share/interpreter/linkResolver.cpp, line 773]
Event: 4.142 Thread 0x000001fde0a3d800 Exception <a 'java/lang/NoSuchMethodError'{0x00000000e2de5ec8}: 'java.lang.Object java.lang.invoke.Invokers$Holder.linkToTargetMethod(java.lang.Object, long, java.lang.Object)'> (0x00000000e2de5ec8) thrown at [./src/hotspot/share/interpreter/linkResolver.cpp, line 773]
Event: 5.703 Thread 0x000001fde0a3d800 Exception <a 'java/lang/NoSuchMethodError'{0x00000000e2b27538}: 'void java.lang.invoke.DirectMethodHandle$Holder.invokeVirtual(java.lang.Object, java.lang.Object, java.lang.Object, java.lang.Object)'> (0x00000000e2b27538) thrown at [./src/hotspot/share/interpreter/linkResolver.cpp, line 773]
Event: 5.711 Thread 0x000001fde0a3d800 Exception <a 'java/lang/NoSuchMethodError'{0x00000000e2b57e58}: 'java.lang.Object java.lang.invoke.DirectMethodHandle$Holder.invokeInterface(java.lang.Object, java.lang.Object, java.lang.Object, java.lang.Object)'> (0x00000000e2b57e58) thrown at [./src/hotspot/share/interpreter/linkResolver.cpp, line 773]
Event: 6.028 Thread 0x000001fdfc94a000 Exception <a 'java/net/ConnectException'{0x00000000e2308be0}: Connection refused: connect> (0x00000000e2308be0) thrown at [./src/hotspot/share/prims/jni.cpp, line 638]
Event: 6.050 Thread 0x000001fdfc94a000 Exception <a 'java/net/ConnectException'{0x00000000e2309c70}: Connection refused: connect> (0x00000000e2309c70) thrown at [./src/hotspot/share/prims/jni.cpp, line 638]
Event: 6.083 Thread 0x000001fdfc94a000 Exception <a 'java/net/ConnectException'{0x00000000e230abf0}: Connection refused: connect> (0x00000000e230abf0) thrown at [./src/hotspot/share/prims/jni.cpp, line 638]
Event: 6.131 Thread 0x000001fdfc94a000 Exception <a 'java/net/ConnectException'{0x00000000e230bb70}: Connection refused: connect> (0x00000000e230bb70) thrown at [./src/hotspot/share/prims/jni.cpp, line 638]
Event: 6.241 Thread 0x000001fdfc94a000 Exception <a 'java/net/ConnectException'{0x00000000e230caf0}: Connection refused: connect> (0x00000000e230caf0) thrown at [./src/hotspot/share/prims/jni.cpp, line 638]
Event: 6.471 Thread 0x000001fde0a3d800 Exception <a 'java/lang/IncompatibleClassChangeError'{0x00000000e23bd728}: Found class java.lang.Object, but interface was expected> (0x00000000e23bd728) thrown at [./src/hotspot/share/interpreter/linkResolver.cpp, line 839]
Event: 6.538 Thread 0x000001fde0a3d800 Exception <a 'java/lang/NoSuchMethodError'{0x00000000e2235960}: 'double java.lang.invoke.DirectMethodHandle$Holder.invokeVirtual(java.lang.Object, java.lang.Object)'> (0x00000000e2235960) thrown at [./src/hotspot/share/interpreter/linkResolver.cpp, line 773]
Event: 6.540 Thread 0x000001fde0a3d800 Exception <a 'java/lang/NoSuchMethodError'{0x00000000e223c4a0}: 'float java.lang.invoke.DirectMethodHandle$Holder.invokeVirtual(java.lang.Object, java.lang.Object)'> (0x00000000e223c4a0) thrown at [./src/hotspot/share/interpreter/linkResolver.cpp, line 773]
Event: 6.542 Thread 0x000001fde0a3d800 Exception <a 'java/lang/NoSuchMethodError'{0x00000000e2245118}: 'long java.lang.invoke.DirectMethodHandle$Holder.invokeVirtual(java.lang.Object, java.lang.Object)'> (0x00000000e2245118) thrown at [./src/hotspot/share/interpreter/linkResolver.cpp, line 773]
Event: 11.066 Thread 0x000001fde0a3d800 Exception <a 'java/lang/NoSuchMethodError'{0x00000000e2e781a0}: 'java.lang.Object java.lang.invoke.DirectMethodHandle$Holder.invokeSpecialIFC(java.lang.Object, java.lang.Object, java.lang.Object)'> (0x00000000e2e781a0) thrown at [./src/hotspot/share/interpreter/linkResolver.cpp, line 773]
Event: 11.151 Thread 0x000001fde0a3d800 Exception <a 'java/lang/ClassNotFoundException'{0x00000000e2d58530}: sun/util/logging/resources/spi/loggingProvider> (0x00000000e2d58530) thrown at [./src/hotspot/share/classfile/systemDictionary.cpp, line 230]
Event: 11.265 Thread 0x000001fde0a3d800 Exception <a 'java/net/SocketTimeoutException'{0x00000000e2c5ebe8}: Read timed out> (0x00000000e2c5ebe8) thrown at [./src/hotspot/share/prims/jni.cpp, line 638]

Events (20 events):
Event: 11.244 loading class org/openqa/selenium/html5/SessionStorage
Event: 11.244 loading class org/openqa/selenium/html5/SessionStorage done
Event: 11.245 loading class org/openqa/selenium/remote/RemoteTouchScreen
Event: 11.245 loading class org/openqa/selenium/remote/RemoteTouchScreen done
Event: 11.246 loading class org/openqa/selenium/remote/mobile/RemoteNetworkConnection
Event: 11.246 loading class org/openqa/selenium/remote/mobile/RemoteNetworkConnection done
Event: 11.247 loading class org/openqa/selenium/remote/RemoteWebDriver$RemoteWebDriverOptions
Event: 11.247 loading class org/openqa/selenium/remote/RemoteWebDriver$RemoteWebDriverOptions done
Event: 11.250 loading class org/openqa/selenium/WebDriver$ImeHandler
Event: 11.250 loading class org/openqa/selenium/WebDriver$ImeHandler done
Event: 11.250 loading class org/openqa/selenium/WebDriver$Timeouts
Event: 11.250 loading class org/openqa/selenium/WebDriver$Timeouts done
Event: 11.251 loading class org/openqa/selenium/WebDriver$Window
Event: 11.251 loading class org/openqa/selenium/WebDriver$Window done
Event: 11.251 loading class org/openqa/selenium/remote/RemoteWebDriver$RemoteWebDriverOptions$RemoteWindow
Event: 11.251 loading class org/openqa/selenium/remote/RemoteWebDriver$RemoteWebDriverOptions$RemoteWindow done
Event: 11.252 loading class org/openqa/selenium/Dimension
Event: 11.252 loading class org/openqa/selenium/Dimension done
Event: 11.265 loading class sun/net/ConnectionResetException
Event: 11.265 loading class sun/net/ConnectionResetException done


Dynamic libraries:
0x00007ff7e7f70000 - 0x00007ff7e7f7d000 	C:\Users\leroc\.jdks\corretto-11.0.18\bin\java.exe
0x00007ff8ffb90000 - 0x00007ff8ffd88000 	C:\Windows\SYSTEM32\ntdll.dll
0x00007ff8fe000000 - 0x00007ff8fe0bf000 	C:\Windows\System32\KERNEL32.DLL
0x00007ff8fd310000 - 0x00007ff8fd606000 	C:\Windows\System32\KERNELBASE.dll
0x00007ff8fd690000 - 0x00007ff8fd790000 	C:\Windows\System32\ucrtbase.dll
0x00007ff8e2070000 - 0x00007ff8e2087000 	C:\Users\leroc\.jdks\corretto-11.0.18\bin\jli.dll
0x00007ff8e2050000 - 0x00007ff8e2069000 	C:\Users\leroc\.jdks\corretto-11.0.18\bin\VCRUNTIME140.dll
0x00007ff8fddb0000 - 0x00007ff8fdf4d000 	C:\Windows\System32\USER32.dll
0x00007ff8fd610000 - 0x00007ff8fd632000 	C:\Windows\System32\win32u.dll
0x00007ff8ffac0000 - 0x00007ff8ffaec000 	C:\Windows\System32\GDI32.dll
0x00007ff8fdad0000 - 0x00007ff8fdbe5000 	C:\Windows\System32\gdi32full.dll
0x00007ff8fd270000 - 0x00007ff8fd30d000 	C:\Windows\System32\msvcp_win.dll
0x00007ff8e66d0000 - 0x00007ff8e696a000 	C:\Windows\WinSxS\amd64_microsoft.windows.common-controls_6595b64144ccf1df_6.0.19041.1110_none_60b5254171f9507e\COMCTL32.dll
0x00007ff8ff2a0000 - 0x00007ff8ff33e000 	C:\Windows\System32\msvcrt.dll
0x00007ff8ff250000 - 0x00007ff8ff280000 	C:\Windows\System32\IMM32.DLL
0x0000000060d90000 - 0x0000000060d9c000 	C:\Program Files (x86)\360\Total Security\safemon\SafeWrapper.dll
0x00007ff8fe990000 - 0x00007ff8fea3f000 	C:\Windows\System32\ADVAPI32.dll
0x00007ff8fe0c0000 - 0x00007ff8fe15c000 	C:\Windows\System32\sechost.dll
0x00007ff8ff000000 - 0x00007ff8ff126000 	C:\Windows\System32\RPCRT4.dll
0x00007ff898ce0000 - 0x00007ff898d72000 	C:\Program Files (x86)\360\Total Security\safemon\libzdtp64.dll
0x00007ff8fe240000 - 0x00007ff8fe984000 	C:\Windows\System32\SHELL32.dll
0x00007ff8ffaf0000 - 0x00007ff8ffb45000 	C:\Windows\System32\SHLWAPI.dll
0x00007ff8fcd80000 - 0x00007ff8fcd8a000 	C:\Windows\SYSTEM32\VERSION.dll
0x00007ff8e1fb0000 - 0x00007ff8e204b000 	C:\Users\leroc\.jdks\corretto-11.0.18\bin\msvcp140.dll
0x00007ff8711b0000 - 0x00007ff871d3a000 	C:\Users\leroc\.jdks\corretto-11.0.18\bin\server\jvm.dll
0x00007ff8feff0000 - 0x00007ff8feff8000 	C:\Windows\System32\PSAPI.DLL
0x00007ff8f4fc0000 - 0x00007ff8f4fe7000 	C:\Windows\SYSTEM32\WINMM.dll
0x00007ff8f02c0000 - 0x00007ff8f02c9000 	C:\Windows\SYSTEM32\WSOCK32.dll
0x00007ff8fe170000 - 0x00007ff8fe1db000 	C:\Windows\System32\WS2_32.dll
0x00007ff8fba40000 - 0x00007ff8fba52000 	C:\Windows\SYSTEM32\kernel.appcore.dll
0x00007ff8e90f0000 - 0x00007ff8e9100000 	C:\Users\leroc\.jdks\corretto-11.0.18\bin\verify.dll
0x00007ff8fb830000 - 0x00007ff8fba14000 	C:\Windows\SYSTEM32\DBGHELP.DLL
0x00007ff8f03c0000 - 0x00007ff8f03f4000 	C:\Windows\SYSTEM32\dbgcore.DLL
0x00007ff8fd830000 - 0x00007ff8fd8b2000 	C:\Windows\System32\bcryptPrimitives.dll
0x00007ff8e1e60000 - 0x00007ff8e1e88000 	C:\Users\leroc\.jdks\corretto-11.0.18\bin\java.dll
0x00007ff8e47a0000 - 0x00007ff8e47aa000 	C:\Users\leroc\.jdks\corretto-11.0.18\bin\jimage.dll
0x00007ff8e1e40000 - 0x00007ff8e1e58000 	C:\Users\leroc\.jdks\corretto-11.0.18\bin\zip.dll
0x00007ff8fadd0000 - 0x00007ff8fb563000 	C:\Windows\SYSTEM32\windows.storage.dll
0x00007ff8ff470000 - 0x00007ff8ff7c4000 	C:\Windows\System32\combase.dll
0x00007ff8fcbe0000 - 0x00007ff8fcc0e000 	C:\Windows\SYSTEM32\Wldp.dll
0x00007ff8fdf50000 - 0x00007ff8fdffd000 	C:\Windows\System32\SHCORE.dll
0x00007ff8fd1b0000 - 0x00007ff8fd1cf000 	C:\Windows\SYSTEM32\profapi.dll
0x00007ff8e18f0000 - 0x00007ff8e1909000 	C:\Users\leroc\.jdks\corretto-11.0.18\bin\net.dll
0x00007ff8f1220000 - 0x00007ff8f132a000 	C:\Windows\SYSTEM32\WINHTTP.dll
0x00007ff8fc8d0000 - 0x00007ff8fc93a000 	C:\Windows\system32\mswsock.dll
0x00007ff8e18d0000 - 0x00007ff8e18e3000 	C:\Users\leroc\.jdks\corretto-11.0.18\bin\nio.dll
0x00007ff8fcac0000 - 0x00007ff8fcad8000 	C:\Windows\SYSTEM32\CRYPTSP.dll
0x00007ff8fc1f0000 - 0x00007ff8fc224000 	C:\Windows\system32\rsaenh.dll
0x00007ff8fd800000 - 0x00007ff8fd827000 	C:\Windows\System32\bcrypt.dll
0x00007ff8fd130000 - 0x00007ff8fd15e000 	C:\Windows\SYSTEM32\USERENV.dll
0x00007ff8fcae0000 - 0x00007ff8fcaec000 	C:\Windows\SYSTEM32\CRYPTBASE.dll
0x00007ff8fc5c0000 - 0x00007ff8fc5fc000 	C:\Windows\SYSTEM32\IPHLPAPI.DLL
0x00007ff8fe160000 - 0x00007ff8fe168000 	C:\Windows\System32\NSI.dll
0x00007ff8f1fa0000 - 0x00007ff8f1fb7000 	C:\Windows\SYSTEM32\dhcpcsvc6.DLL
0x00007ff8f2180000 - 0x00007ff8f219d000 	C:\Windows\SYSTEM32\dhcpcsvc.DLL
0x00007ff8fc600000 - 0x00007ff8fc6ca000 	C:\Windows\SYSTEM32\DNSAPI.dll
0x00007ff8f3370000 - 0x00007ff8f3379000 	C:\Users\leroc\.jdks\corretto-11.0.18\bin\management.dll
0x00007ff8e2550000 - 0x00007ff8e255b000 	C:\Users\leroc\.jdks\corretto-11.0.18\bin\management_ext.dll
0x00007ff89b450000 - 0x00007ff89b467000 	C:\Windows\system32\napinsp.dll
0x00007ff89b470000 - 0x00007ff89b48b000 	C:\Windows\system32\pnrpnsp.dll
0x00007ff8f81c0000 - 0x00007ff8f81d5000 	C:\Windows\system32\wshbth.dll
0x00007ff8f3140000 - 0x00007ff8f315d000 	C:\Windows\system32\NLAapi.dll
0x00007ff89dbc0000 - 0x00007ff89dbd2000 	C:\Windows\System32\winrnr.dll
0x00007ff8ec370000 - 0x00007ff8ec37a000 	C:\Windows\System32\rasadhlp.dll
0x00007ff8ec690000 - 0x00007ff8ec712000 	C:\Windows\System32\fwpuclnt.dll
0x00007ff8e2280000 - 0x00007ff8e22a5000 	C:\Users\leroc\.jdks\corretto-11.0.18\bin\sunec.dll
0x00007ff8e2270000 - 0x00007ff8e227e000 	C:\Users\leroc\.jdks\corretto-11.0.18\bin\sunmscapi.dll
0x00007ff8fd970000 - 0x00007ff8fdace000 	C:\Windows\System32\CRYPT32.dll
0x00007ff8fcc50000 - 0x00007ff8fcc78000 	C:\Windows\SYSTEM32\ncrypt.dll
0x00007ff8fcc10000 - 0x00007ff8fcc4b000 	C:\Windows\SYSTEM32\NTASN1.dll

dbghelp: loaded successfully - version: 4.0.5 - missing functions: none
symbol engine: initialized successfully - sym options: 0x614 - pdb path: .;C:\Users\leroc\.jdks\corretto-11.0.18\bin;C:\Windows\SYSTEM32;C:\Windows\WinSxS\amd64_microsoft.windows.common-controls_6595b64144ccf1df_6.0.19041.1110_none_60b5254171f9507e;C:\Program Files (x86)\360\Total Security\safemon;C:\Users\leroc\.jdks\corretto-11.0.18\bin\server

VM Arguments:
jvm_args: -Dorg.gradle.internal.worker.tmpdir=C:\Users\leroc\OneDrive\AllHomeWorks\ForPageObjectFirst\build\tmp\test\work -Dorg.gradle.native=false -Dselenide.headless -Xmx512m -Dfile.encoding=windows-1251 -Duser.country=RU -Duser.language=ru -Duser.variant -ea 
java_command: worker.org.gradle.process.internal.worker.GradleWorkerMain 'Gradle Test Executor 10'
java_class_path (initial): C:\\Users\\leroc\\.gradle\\caches\\7.5.1\\workerMain\\gradle-worker.jar;C:\\Users\\leroc\\OneDrive\\AllHomeWorks\\ForPageObjectFirst\\build\\classes\\java\\test;C:\\Users\\leroc\\.gradle\\caches\\modules-2\\files-2.1\\org.junit.platform\\junit-platform-engine\\1.8.1\\e6c63bf990dc88a6527b4ed617b23e47048f07e0\\junit-platform-engine-1.8.1.jar;C:\\Users\\leroc\\.gradle\\caches\\modules-2\\files-2.1\\org.junit.platform\\junit-platform-commons\\1.8.1\\1e362cbe6d0f225b066757865e233972557484\\junit-platform-commons-1.8.1.jar;C:\\Users\\leroc\\.gradle\\caches\\modules-2\\files-2.1\\org.junit.jupiter\\junit-jupiter-engine\\5.8.1\\21b86e08aae2720bbf017703669948be96d1388c\\junit-jupiter-engine-5.8.1.jar;C:\\Users\\leroc\\.gradle\\caches\\modules-2\\files-2.1\\org.junit.jupiter\\junit-jupiter-api\\5.8.1\\6538b88eb8bf8811bc7b6efb5246f835c15e0bfe\\junit-jupiter-api-5.8.1.jar;C:\\Users\\leroc\\.gradle\\caches\\modules-2\\files-2.1\\com.github.javafaker\\javafaker\\1.0.1\\c7771828b7374a0636aa125d23e3c77678497cd\\javafaker-1.0.1.jar;C:\\Users\\leroc\\.gradle\\caches\\modules-2\\files-2.1\\com.codeborne\\selenide\\5.19.0\\99cc6919185ee1e6a028e431f20c024478e45f25\\selenide-5.19.0.jar;C:\\Users\\leroc\\.gradle\\caches\\modules-2\\files-2.1\\org.opentest4j\\opentest4j\\1.2.0\\28c11eb91f9b6d8e200631d46e20a7f407f2a046\\opentest4j-1.2.0.jar;C:\\Users\\leroc\\.gradle\\caches\\modules-2\\files-2.1\\io.github.bonigarcia\\webdrivermanager\\4.3.1\\56ea884495b0265e86844b77dba57667dfdb0770\\webdrivermanager-4.3.1.jar;C:\\Users\\leroc\\.gradle\\caches\\modules-2\\files-2.1\\org.apache.commons\\commons-lang3\\3.11\\68e9a6adf7cf8eb7e9d31bbc554c7c75eeaac568\\commons-lang3-3.11.jar;C:\\Users\\leroc\\.gradle\\caches\\modules-2\\files-2.1\\org.yaml\\snakeyaml\\1.23\\e8520d52edca3d8dc0f366cff520fb4498ec8a5f\\snakeyaml-1.23-android.jar;C:\\Users\\leroc\\.gradle\\caches\\modules-2\\files-2.1\\com.github.mifmif\\generex\\1.0.2\\b378f873b4e8d7616c3d920e2132cb1c87679600\\generex-1.
Launcher Type: SUN_STANDARD

[Global flags]
     intx CICompilerCount                          = 3                                         {product} {ergonomic}
     uint ConcGCThreads                            = 1                                         {product} {ergonomic}
     uint G1ConcRefinementThreads                  = 4                                         {product} {ergonomic}
   size_t G1HeapRegionSize                         = 1048576                                   {product} {ergonomic}
    uintx GCDrainStackTargetSize                   = 64                                        {product} {ergonomic}
   size_t InitialHeapSize                          = 58720256                                  {product} {ergonomic}
   size_t MarkStackSize                            = 4194304                                   {product} {ergonomic}
   size_t MaxHeapSize                              = 536870912                                 {product} {command line}
   size_t MaxNewSize                               = 321912832                                 {product} {ergonomic}
   size_t MinHeapDeltaBytes                        = 1048576                                   {product} {ergonomic}
    uintx NonNMethodCodeHeapSize                   = 5830732                                {pd product} {ergonomic}
    uintx NonProfiledCodeHeapSize                  = 122913754                              {pd product} {ergonomic}
    uintx ProfiledCodeHeapSize                     = 122913754                              {pd product} {ergonomic}
    uintx ReservedCodeCacheSize                    = 251658240                              {pd product} {ergonomic}
     bool SegmentedCodeCache                       = true                                      {product} {ergonomic}
     bool UseCompressedClassPointers               = true                                 {lp64_product} {ergonomic}
     bool UseCompressedOops                        = true                                 {lp64_product} {ergonomic}
     bool UseG1GC                                  = true                                      {product} {ergonomic}
     bool UseLargePagesIndividualAllocation        = false                                  {pd product} {ergonomic}

Logging:
Log output configuration:
 #0: stdout all=warning uptime,level,tags
 #1: stderr all=off uptime,level,tags

Environment Variables:
PATH=C:\Program Files\Common Files\Oracle\Java\javapath;C:\Program Files\Eclipse Adoptium\jdk-11.0.17.8-hotspot\bin;C:\Program Files (x86)\Common Files\Intel\Shared Files\cpp\bin\Intel64;C:\Windows\system32;C:\Windows;C:\Windows\System32\Wbem;C:\Windows\System32\WindowsPowerShell\v1.0\;C:\Windows\System32\OpenSSH\;C:\Program Files\Git\cmd;C:\Program Files\nodejs\;C:\Users\leroc\AppData\Local\Microsoft\WindowsApps;;C:\Users\leroc\AppData\Local\Programs\Microsoft VS Code\bin;C:\Users\leroc\AppData\Roaming\npm
USERNAME=leroc
OS=Windows_NT
PROCESSOR_IDENTIFIER=AMD64 Family 23 Model 24 Stepping 1, AuthenticAMD
TMP=C:\Users\leroc\AppData\Local\Temp
TEMP=C:\Users\leroc\AppData\Local\Temp



---------------  S Y S T E M  ---------------

OS: Windows 10 , 64 bit Build 19041 (10.0.19041.3031)
OS uptime: 2 days 2:36 hours

CPU:total 4 (initial active 4) (4 cores per cpu, 2 threads per core) family 23 model 24 stepping 1 microcode 0x0, cmov, cx8, fxsr, mmx, sse, sse2, sse3, ssse3, sse4.1, sse4.2, popcnt, avx, avx2, aes, clmul, mmxext, 3dnowpref, lzcnt, sse4a, ht, tsc, tscinvbit, tscinv, bmi1, bmi2, adx, sha, fma

Memory: 4k page, system-wide physical 3460M (18M free)
TotalPageFile size 14212M (AvailPageFile size 3M)
current process WorkingSet (physical memory assigned to process): 114M, peak: 114M
current process commit charge ("private bytes"): 168M, peak: 169M

vm_info: OpenJDK 64-Bit Server VM (11.0.18+10-LTS) for windows-amd64 JRE (11.0.18+10-LTS), built on Jan 10 2023 20:17:52 by "Administrator" with MS VC++ 15.9 (VS2017)

END.
